2022-05-17 13:52:19 INFO  Log:11 - =====================================loginTest TEST START=========================================
2022-05-17 13:52:19 INFO  Log:22 - User is going to click on SignIn
2022-05-17 13:52:26 INFO  Log:22 - User will enter username and password 
2022-05-17 13:52:32 INFO  Log:22 - Verifying if user able to login
2022-05-17 13:52:32 INFO  Log:22 - Login is success
2022-05-17 13:52:32 INFO  Log:15 - =====================================loginTest TEST END=========================================
2022-05-17 13:54:46 INFO  Log:11 - =====================================loginTest TEST START=========================================
2022-05-17 13:54:46 INFO  Log:22 - User is going to click on SignIn
2022-05-17 13:54:57 INFO  Log:22 - User will enter username and password 
2022-05-17 13:55:08 INFO  Log:22 - Verifying if user able to login
2022-05-17 13:55:49 INFO  Log:11 - =====================================loginTest TEST START=========================================
2022-05-17 13:55:49 INFO  Log:22 - User is going to click on SignIn
2022-05-17 13:55:54 INFO  Log:22 - User will enter username and password 
2022-05-17 13:55:59 INFO  Log:22 - Verifying if user able to login
2022-05-17 13:55:59 INFO  Log:22 - Login is success
2022-05-17 13:55:59 INFO  Log:15 - =====================================loginTest TEST END=========================================
2022-05-17 15:56:31 INFO  Log:11 - =====================================loginTest TEST START=========================================
2022-05-17 15:56:31 INFO  Log:22 - User is going to click on SignIn
2022-05-17 15:57:04 INFO  Log:22 - User will enter username and password 
2022-05-17 15:57:22 INFO  Log:22 - Verifying if user able to login
2022-05-17 15:57:22 INFO  Log:22 - Login is success
2022-05-17 15:57:22 INFO  Log:15 - =====================================loginTest TEST END=========================================
2022-05-17 19:08:46 INFO  Log:11 - =====================================loginTest TEST START=========================================
2022-05-17 19:08:46 INFO  Log:22 - User is going to click on SignIn
2022-05-17 19:08:59 INFO  Log:22 - User will enter username and password 
2022-05-17 19:09:06 INFO  Log:22 - Verifying if user able to login
2022-05-17 19:09:06 INFO  Log:22 - Login is success
2022-05-17 19:09:06 INFO  Log:15 - =====================================loginTest TEST END=========================================
2022-05-17 20:59:22 INFO  Log:11 - =====================================loginTest TEST START=========================================
2022-05-17 20:59:22 INFO  Log:22 - User is going to click on SignIn
2022-05-17 20:59:40 INFO  Log:22 - User will enter username and password 
2022-05-17 20:59:51 INFO  Log:22 - Verifying if user able to login
2022-05-17 20:59:51 INFO  Log:22 - Login is success
2022-05-17 20:59:51 INFO  Log:15 - =====================================loginTest TEST END=========================================
2022-05-17 21:00:08 INFO  Log:11 - =====================================verifyLogo TEST START=========================================
2022-05-17 21:00:08 INFO  Log:15 - =====================================verifyLogo TEST END=========================================
2022-05-17 21:00:24 INFO  Log:11 - =====================================verifyTitle TEST START=========================================
2022-05-17 21:00:24 INFO  Log:15 - =====================================verifyTitle TEST END=========================================
2022-05-17 21:02:34 INFO  Log:11 - =====================================wishListTest TEST START=========================================
2022-05-17 21:02:44 INFO  Log:15 - =====================================wishListTest TEST END=========================================
2022-05-17 21:03:15 INFO  Log:11 - =====================================loginTest TEST START=========================================
2022-05-17 21:03:15 INFO  Log:22 - User is going to click on SignIn
2022-05-17 21:03:24 INFO  Log:22 - User will enter username and password 
2022-05-17 21:03:29 INFO  Log:22 - Verifying if user able to login
2022-05-17 21:03:29 INFO  Log:22 - Login is success
2022-05-17 21:03:29 INFO  Log:15 - =====================================loginTest TEST END=========================================
2022-05-17 21:03:41 INFO  Log:11 - =====================================verifyLogo TEST START=========================================
2022-05-17 21:03:41 INFO  Log:15 - =====================================verifyLogo TEST END=========================================
2022-05-17 21:03:54 INFO  Log:11 - =====================================verifyTitle TEST START=========================================
2022-05-17 21:03:54 INFO  Log:15 - =====================================verifyTitle TEST END=========================================
2022-05-17 21:10:10 INFO  Log:11 - =====================================endToEndTest TEST START=========================================
2022-05-17 21:11:27 INFO  Log:15 - =====================================endToEndTest TEST END=========================================
2022-05-17 21:15:25 INFO  Log:11 - =====================================verifyCreateAccountPageTest TEST START=========================================
2022-05-17 21:18:48 INFO  Log:11 - =====================================addToCartTest TEST START=========================================
2022-05-17 21:19:35 INFO  Log:15 - =====================================addToCartTest TEST END=========================================
2022-05-17 21:20:48 INFO  Log:11 - =====================================verifyLogo TEST START=========================================
2022-05-17 21:20:48 INFO  Log:15 - =====================================verifyLogo TEST END=========================================
2022-05-17 21:20:59 INFO  Log:11 - =====================================verifyTitle TEST START=========================================
2022-05-17 21:20:59 INFO  Log:15 - =====================================verifyTitle TEST END=========================================
2022-05-17 21:24:18 INFO  Log:11 - =====================================verifyTotalPrice TEST START=========================================
2022-05-17 21:25:15 INFO  Log:15 - =====================================verifyTotalPrice TEST END=========================================
2022-05-17 21:55:17 INFO  Log:11 - =====================================productAvailabilityTest TEST START=========================================
2022-05-17 21:55:26 INFO  Log:15 - =====================================productAvailabilityTest TEST END=========================================
2022-05-17 21:56:35 INFO  Log:11 - =====================================wishListTest TEST START=========================================
2022-05-17 21:57:09 INFO  Log:15 - =====================================wishListTest TEST END=========================================
2022-05-17 21:57:31 INFO  Log:11 - =====================================verifyTotalPrice TEST START=========================================
2022-05-17 21:58:37 INFO  Log:11 - =====================================productAvailabilityTest TEST START=========================================
2022-05-17 21:58:48 INFO  Log:15 - =====================================productAvailabilityTest TEST END=========================================
2022-05-17 21:59:06 INFO  Log:11 - =====================================loginTest TEST START=========================================
2022-05-17 21:59:06 INFO  Log:22 - User is going to click on SignIn
2022-05-17 21:59:36 INFO  Log:22 - User will enter username and password 
2022-05-17 21:59:51 INFO  Log:22 - Verifying if user able to login
2022-05-17 21:59:51 INFO  Log:22 - Login is success
2022-05-17 21:59:51 INFO  Log:15 - =====================================loginTest TEST END=========================================
2022-05-17 22:00:02 INFO  Log:11 - =====================================addToCartTest TEST START=========================================
2022-05-17 22:00:44 INFO  Log:15 - =====================================addToCartTest TEST END=========================================
2022-05-17 22:00:57 INFO  Log:11 - =====================================verifyCreateAccountPageTest TEST START=========================================
2022-05-17 22:01:30 INFO  Log:11 - =====================================verifyLogo TEST START=========================================
2022-05-17 22:01:30 INFO  Log:15 - =====================================verifyLogo TEST END=========================================
2022-05-17 22:01:47 INFO  Log:11 - =====================================verifyTitle TEST START=========================================
2022-05-17 22:01:47 INFO  Log:15 - =====================================verifyTitle TEST END=========================================
2022-05-17 22:02:04 INFO  Log:11 - =====================================endToEndTest TEST START=========================================
2022-05-17 22:03:30 INFO  Log:15 - =====================================endToEndTest TEST END=========================================
2022-05-17 22:04:10 INFO  Log:11 - =====================================wishListTest TEST START=========================================
2022-05-17 22:04:44 INFO  Log:15 - =====================================wishListTest TEST END=========================================
2022-05-17 22:04:56 INFO  Log:11 - =====================================verifyTotalPrice TEST START=========================================
2022-05-17 22:05:48 INFO  Log:15 - =====================================verifyTotalPrice TEST END=========================================
2022-05-17 22:05:59 INFO  Log:11 - =====================================productAvailabilityTest TEST START=========================================
2022-05-17 22:06:05 INFO  Log:15 - =====================================productAvailabilityTest TEST END=========================================
2022-05-17 22:06:17 INFO  Log:11 - =====================================loginTest TEST START=========================================
2022-05-17 22:06:17 INFO  Log:22 - User is going to click on SignIn
2022-05-17 22:06:25 INFO  Log:22 - User will enter username and password 
2022-05-17 22:06:32 INFO  Log:22 - Verifying if user able to login
2022-05-17 22:06:32 INFO  Log:22 - Login is success
2022-05-17 22:06:32 INFO  Log:15 - =====================================loginTest TEST END=========================================
2022-05-17 22:06:45 INFO  Log:11 - =====================================addToCartTest TEST START=========================================
2022-05-17 22:07:40 INFO  Log:15 - =====================================addToCartTest TEST END=========================================
2022-05-17 22:07:55 INFO  Log:11 - =====================================verifyCreateAccountPageTest TEST START=========================================
2022-05-17 22:08:27 INFO  Log:11 - =====================================verifyLogo TEST START=========================================
2022-05-17 22:08:27 INFO  Log:15 - =====================================verifyLogo TEST END=========================================
2022-05-17 22:08:39 INFO  Log:11 - =====================================verifyTitle TEST START=========================================
2022-05-17 22:08:39 INFO  Log:15 - =====================================verifyTitle TEST END=========================================
2022-05-17 22:08:50 INFO  Log:11 - =====================================endToEndTest TEST START=========================================
2022-05-17 22:10:06 INFO  Log:15 - =====================================endToEndTest TEST END=========================================
2022-05-17 22:12:58 INFO  Log:11 - =====================================wishListTest TEST START=========================================
2022-05-17 22:13:10 INFO  Log:15 - =====================================wishListTest TEST END=========================================
2022-05-17 22:15:08 INFO  Log:11 - =====================================wishListTest TEST START=========================================
2022-05-17 22:15:22 INFO  Log:15 - =====================================wishListTest TEST END=========================================
2022-05-17 22:18:47 INFO  Log:11 - =====================================orderHistoryandDetailsTest TEST START=========================================
2022-05-17 22:19:05 INFO  Log:15 - =====================================orderHistoryandDetailsTest TEST END=========================================
2022-05-17 22:19:18 INFO  Log:11 - =====================================wishListTest TEST START=========================================
2022-05-17 22:19:30 INFO  Log:15 - =====================================wishListTest TEST END=========================================
2022-05-17 22:20:11 INFO  Log:11 - =====================================verifyCreateAccountPageTest TEST START=========================================
2022-05-17 22:22:05 INFO  Log:11 - =====================================orderHistoryandDetailsTest TEST START=========================================
2022-05-17 22:22:28 INFO  Log:15 - =====================================orderHistoryandDetailsTest TEST END=========================================
2022-05-17 22:22:46 INFO  Log:11 - =====================================wishListTest TEST START=========================================
2022-05-17 22:23:02 INFO  Log:15 - =====================================wishListTest TEST END=========================================
2022-05-17 22:23:16 INFO  Log:11 - =====================================verifyTotalPrice TEST START=========================================
2022-05-17 22:24:11 INFO  Log:15 - =====================================verifyTotalPrice TEST END=========================================
2022-05-17 22:24:24 INFO  Log:11 - =====================================productAvailabilityTest TEST START=========================================
2022-05-17 22:24:29 INFO  Log:15 - =====================================productAvailabilityTest TEST END=========================================
2022-05-17 22:24:41 INFO  Log:11 - =====================================loginTest TEST START=========================================
2022-05-17 22:24:41 INFO  Log:22 - User is going to click on SignIn
2022-05-17 22:24:47 INFO  Log:22 - User will enter username and password 
2022-05-17 22:24:51 INFO  Log:22 - Verifying if user able to login
2022-05-17 22:24:51 INFO  Log:22 - Login is success
2022-05-17 22:24:51 INFO  Log:15 - =====================================loginTest TEST END=========================================
2022-05-17 22:25:04 INFO  Log:11 - =====================================addToCartTest TEST START=========================================
2022-05-17 22:25:45 INFO  Log:15 - =====================================addToCartTest TEST END=========================================
2022-05-17 22:25:58 INFO  Log:11 - =====================================verifyCreateAccountPageTest TEST START=========================================
2022-05-17 22:26:07 INFO  Log:15 - =====================================verifyCreateAccountPageTest TEST END=========================================
2022-05-17 22:26:19 INFO  Log:11 - =====================================verifyLogo TEST START=========================================
2022-05-17 22:26:19 INFO  Log:15 - =====================================verifyLogo TEST END=========================================
2022-05-17 22:26:30 INFO  Log:11 - =====================================verifyTitle TEST START=========================================
2022-05-17 22:26:30 INFO  Log:15 - =====================================verifyTitle TEST END=========================================
2022-05-17 22:26:43 INFO  Log:11 - =====================================endToEndTest TEST START=========================================
2022-05-17 22:27:58 INFO  Log:15 - =====================================endToEndTest TEST END=========================================
2022-05-17 23:54:10 INFO  Log:11 - =====================================loginTest TEST START=========================================
2022-05-17 23:54:10 INFO  Log:22 - User is going to click on SignIn
2022-05-17 23:54:20 INFO  Log:22 - User will enter username and password 
2022-05-17 23:54:31 INFO  Log:22 - Verifying if user able to login
2022-05-17 23:54:31 INFO  Log:22 - Login is success
2022-05-17 23:54:31 INFO  Log:15 - =====================================loginTest TEST END=========================================
2022-05-17 23:54:44 INFO  Log:11 - =====================================addToCartTest TEST START=========================================
2022-05-17 23:55:41 INFO  Log:15 - =====================================addToCartTest TEST END=========================================
2022-05-17 23:55:49 INFO  Log:11 - =====================================verifyCreateAccountPageTest TEST START=========================================
2022-05-17 23:55:57 INFO  Log:15 - =====================================verifyCreateAccountPageTest TEST END=========================================
2022-05-17 23:57:01 INFO  Log:11 - =====================================orderHistoryandDetailsTest TEST START=========================================
2022-05-17 23:57:47 INFO  Log:15 - =====================================orderHistoryandDetailsTest TEST END=========================================
2022-05-17 23:58:00 INFO  Log:11 - =====================================wishListTest TEST START=========================================
2022-05-17 23:58:34 INFO  Log:15 - =====================================wishListTest TEST END=========================================
2022-05-17 23:58:42 INFO  Log:11 - =====================================productAvailabilityTest TEST START=========================================
2022-05-17 23:58:53 INFO  Log:15 - =====================================productAvailabilityTest TEST END=========================================
2022-05-17 23:59:01 INFO  Log:11 - =====================================verifyLogo TEST START=========================================
2022-05-17 23:59:01 INFO  Log:15 - =====================================verifyLogo TEST END=========================================
2022-05-17 23:59:10 INFO  Log:11 - =====================================verifyTitle TEST START=========================================
2022-05-17 23:59:10 INFO  Log:15 - =====================================verifyTitle TEST END=========================================
2022-05-17 23:59:21 INFO  Log:11 - =====================================loginTest TEST START=========================================
2022-05-17 23:59:21 INFO  Log:22 - User is going to click on SignIn
2022-05-17 23:59:34 INFO  Log:22 - User will enter username and password 
2022-05-17 23:59:42 INFO  Log:22 - Verifying if user able to login
2022-05-17 23:59:42 INFO  Log:22 - Login is success
2022-05-17 23:59:42 INFO  Log:15 - =====================================loginTest TEST END=========================================
2022-05-18 00:01:58 INFO  Log:11 - =====================================verifyTotalPrice TEST START=========================================
2022-05-18 00:02:53 INFO  Log:15 - =====================================verifyTotalPrice TEST END=========================================
2022-05-18 00:03:02 INFO  Log:11 - =====================================addToCartTest TEST START=========================================
2022-05-18 00:03:47 INFO  Log:15 - =====================================addToCartTest TEST END=========================================
2022-05-18 00:04:02 INFO  Log:11 - =====================================endToEndTest TEST START=========================================
2022-05-18 00:16:31 INFO  Log:11 - =====================================verifyLogo TEST START=========================================
2022-05-18 00:16:31 INFO  Log:15 - =====================================verifyLogo TEST END=========================================
2022-05-18 00:16:45 INFO  Log:11 - =====================================verifyTitle TEST START=========================================
2022-05-18 00:16:45 INFO  Log:15 - =====================================verifyTitle TEST END=========================================
2022-05-18 00:17:02 INFO  Log:11 - =====================================verifyLogo TEST START=========================================
2022-05-18 00:17:02 INFO  Log:15 - =====================================verifyLogo TEST END=========================================
2022-05-18 00:17:17 INFO  Log:11 - =====================================verifyTitle TEST START=========================================
2022-05-18 00:17:17 INFO  Log:15 - =====================================verifyTitle TEST END=========================================
2022-05-18 08:49:50 INFO  Log:11 - =====================================verifyLogo TEST START=========================================
2022-05-18 08:49:50 INFO  Log:15 - =====================================verifyLogo TEST END=========================================
2022-05-18 08:49:57 INFO  Log:11 - =====================================verifyLogo TEST START=========================================
2022-05-18 08:49:57 INFO  Log:15 - =====================================verifyLogo TEST END=========================================
2022-05-18 08:50:01 INFO  Log:11 - =====================================verifyTitle TEST START=========================================
2022-05-18 08:50:01 INFO  Log:15 - =====================================verifyTitle TEST END=========================================
2022-05-18 08:50:13 INFO  Log:11 - =====================================verifyTitle TEST START=========================================
2022-05-18 08:50:13 INFO  Log:15 - =====================================verifyTitle TEST END=========================================
2022-05-18 08:51:30 INFO  Log:11 - =====================================verifyLogo TEST START=========================================
2022-05-18 08:51:31 INFO  Log:15 - =====================================verifyLogo TEST END=========================================
2022-05-18 08:51:34 INFO  Log:11 - =====================================verifyLogo TEST START=========================================
2022-05-18 08:51:34 INFO  Log:15 - =====================================verifyLogo TEST END=========================================
2022-05-18 08:51:44 INFO  Log:11 - =====================================verifyTitle TEST START=========================================
2022-05-18 08:51:44 INFO  Log:15 - =====================================verifyTitle TEST END=========================================
2022-05-18 08:51:51 INFO  Log:11 - =====================================verifyTitle TEST START=========================================
2022-05-18 08:51:51 INFO  Log:15 - =====================================verifyTitle TEST END=========================================
2022-05-18 08:55:15 INFO  Log:11 - =====================================verifyLogo TEST START=========================================
2022-05-18 08:55:15 INFO  Log:15 - =====================================verifyLogo TEST END=========================================
2022-05-18 08:55:20 INFO  Log:11 - =====================================verifyLogo TEST START=========================================
2022-05-18 08:55:20 INFO  Log:15 - =====================================verifyLogo TEST END=========================================
2022-05-18 08:55:26 INFO  Log:11 - =====================================verifyTitle TEST START=========================================
2022-05-18 08:55:26 INFO  Log:15 - =====================================verifyTitle TEST END=========================================
2022-05-18 08:55:35 INFO  Log:11 - =====================================verifyTitle TEST START=========================================
2022-05-18 08:55:35 INFO  Log:15 - =====================================verifyTitle TEST END=========================================
2022-05-18 09:04:01 INFO  Log:11 - =====================================verifyLogo TEST START=========================================
2022-05-18 09:04:01 INFO  Log:15 - =====================================verifyLogo TEST END=========================================
2022-05-18 09:04:07 INFO  Log:11 - =====================================verifyLogo TEST START=========================================
2022-05-18 09:04:07 INFO  Log:15 - =====================================verifyLogo TEST END=========================================
2022-05-18 09:04:13 INFO  Log:11 - =====================================verifyTitle TEST START=========================================
2022-05-18 09:04:13 INFO  Log:15 - =====================================verifyTitle TEST END=========================================
2022-05-18 09:04:22 INFO  Log:11 - =====================================verifyTitle TEST START=========================================
2022-05-18 09:04:22 INFO  Log:15 - =====================================verifyTitle TEST END=========================================
2022-05-18 09:07:11 INFO  Log:11 - =====================================verifyLogo TEST START=========================================
2022-05-18 09:07:12 INFO  Log:11 - =====================================verifyLogo TEST START=========================================
2022-05-18 09:07:47 INFO  Log:11 - =====================================verifyLogo TEST START=========================================
2022-05-18 09:07:47 INFO  Log:15 - =====================================verifyLogo TEST END=========================================
2022-05-18 09:07:52 INFO  Log:11 - =====================================verifyLogo TEST START=========================================
2022-05-18 09:07:52 INFO  Log:15 - =====================================verifyLogo TEST END=========================================
2022-05-18 09:07:58 INFO  Log:11 - =====================================verifyTitle TEST START=========================================
2022-05-18 09:07:58 INFO  Log:15 - =====================================verifyTitle TEST END=========================================
2022-05-18 09:08:10 INFO  Log:11 - =====================================verifyTitle TEST START=========================================
2022-05-18 09:08:10 INFO  Log:15 - =====================================verifyTitle TEST END=========================================
2022-05-18 09:10:21 INFO  Log:11 - =====================================verifyLogo TEST START=========================================
2022-05-18 09:10:21 INFO  Log:15 - =====================================verifyLogo TEST END=========================================
2022-05-18 09:10:26 INFO  Log:11 - =====================================verifyLogo TEST START=========================================
2022-05-18 09:10:26 INFO  Log:15 - =====================================verifyLogo TEST END=========================================
2022-05-18 09:10:30 INFO  Log:11 - =====================================verifyTitle TEST START=========================================
2022-05-18 09:10:30 INFO  Log:15 - =====================================verifyTitle TEST END=========================================
2022-05-18 09:10:42 INFO  Log:11 - =====================================verifyTitle TEST START=========================================
2022-05-18 09:10:42 INFO  Log:15 - =====================================verifyTitle TEST END=========================================
2022-05-18 09:11:39 INFO  Log:11 - =====================================verifyLogo TEST START=========================================
2022-05-18 09:11:39 INFO  Log:15 - =====================================verifyLogo TEST END=========================================
2022-05-18 09:11:44 INFO  Log:11 - =====================================verifyLogo TEST START=========================================
2022-05-18 09:11:44 INFO  Log:15 - =====================================verifyLogo TEST END=========================================
2022-05-18 09:11:50 INFO  Log:11 - =====================================verifyTitle TEST START=========================================
2022-05-18 09:11:50 INFO  Log:15 - =====================================verifyTitle TEST END=========================================
2022-05-18 09:11:59 INFO  Log:11 - =====================================verifyTitle TEST START=========================================
2022-05-18 09:11:59 INFO  Log:15 - =====================================verifyTitle TEST END=========================================
2022-05-18 09:14:52 INFO  Log:11 - =====================================verifyLogo TEST START=========================================
2022-05-18 09:14:53 INFO  Log:15 - =====================================verifyLogo TEST END=========================================
2022-05-18 09:14:57 INFO  Log:11 - =====================================verifyLogo TEST START=========================================
2022-05-18 09:14:57 INFO  Log:15 - =====================================verifyLogo TEST END=========================================
2022-05-18 09:15:07 INFO  Log:11 - =====================================verifyTitle TEST START=========================================
2022-05-18 09:15:07 INFO  Log:15 - =====================================verifyTitle TEST END=========================================
2022-05-18 09:15:21 INFO  Log:11 - =====================================verifyTitle TEST START=========================================
2022-05-18 09:15:21 INFO  Log:15 - =====================================verifyTitle TEST END=========================================
2022-05-18 09:17:15 INFO  Log:11 - =====================================verifyLogo TEST START=========================================
2022-05-18 09:17:15 INFO  Log:15 - =====================================verifyLogo TEST END=========================================
2022-05-18 09:17:17 INFO  Log:11 - =====================================verifyLogo TEST START=========================================
2022-05-18 09:17:17 INFO  Log:15 - =====================================verifyLogo TEST END=========================================
2022-05-18 09:17:28 INFO  Log:11 - =====================================verifyTitle TEST START=========================================
2022-05-18 09:17:28 INFO  Log:15 - =====================================verifyTitle TEST END=========================================
2022-05-18 09:17:33 INFO  Log:11 - =====================================verifyTitle TEST START=========================================
2022-05-18 09:17:33 INFO  Log:15 - =====================================verifyTitle TEST END=========================================
2022-05-18 09:21:11 INFO  Log:11 - =====================================verifyLogo TEST START=========================================
2022-05-18 09:21:11 INFO  Log:15 - =====================================verifyLogo TEST END=========================================
2022-05-18 09:21:14 INFO  Log:11 - =====================================verifyLogo TEST START=========================================
2022-05-18 09:21:14 INFO  Log:15 - =====================================verifyLogo TEST END=========================================
2022-05-18 09:21:24 INFO  Log:11 - =====================================verifyTitle TEST START=========================================
2022-05-18 09:21:24 INFO  Log:15 - =====================================verifyTitle TEST END=========================================
2022-05-18 09:21:30 INFO  Log:11 - =====================================verifyTitle TEST START=========================================
2022-05-18 09:21:30 INFO  Log:15 - =====================================verifyTitle TEST END=========================================
2022-05-18 09:28:15 INFO  Log:11 - =====================================verifyLogo TEST START=========================================
2022-05-18 09:28:15 INFO  Log:15 - =====================================verifyLogo TEST END=========================================
2022-05-18 09:28:21 INFO  Log:11 - =====================================verifyLogo TEST START=========================================
2022-05-18 09:28:21 INFO  Log:15 - =====================================verifyLogo TEST END=========================================
2022-05-18 09:28:28 INFO  Log:11 - =====================================verifyTitle TEST START=========================================
2022-05-18 09:28:28 INFO  Log:15 - =====================================verifyTitle TEST END=========================================
2022-05-18 09:28:41 INFO  Log:11 - =====================================verifyTitle TEST START=========================================
2022-05-18 09:28:41 INFO  Log:15 - =====================================verifyTitle TEST END=========================================
2022-05-18 11:03:50 INFO  Log:11 - =====================================verifyLogo TEST START=========================================
2022-05-18 11:03:51 INFO  Log:15 - =====================================verifyLogo TEST END=========================================
2022-05-18 11:03:58 INFO  Log:11 - =====================================verifyLogo TEST START=========================================
2022-05-18 11:03:58 INFO  Log:15 - =====================================verifyLogo TEST END=========================================
2022-05-18 11:04:04 INFO  Log:11 - =====================================verifyTitle TEST START=========================================
2022-05-18 11:04:04 INFO  Log:15 - =====================================verifyTitle TEST END=========================================
2022-05-18 11:04:14 INFO  Log:11 - =====================================verifyTitle TEST START=========================================
2022-05-18 11:04:14 INFO  Log:15 - =====================================verifyTitle TEST END=========================================
2022-05-18 11:35:46 INFO  Log:11 - =====================================verifyLogo TEST START=========================================
2022-05-18 11:35:46 INFO  Log:15 - =====================================verifyLogo TEST END=========================================
2022-05-18 11:36:07 INFO  Log:11 - =====================================verifyTitle TEST START=========================================
2022-05-18 11:36:07 INFO  Log:15 - =====================================verifyTitle TEST END=========================================
2022-05-18 11:36:26 INFO  Log:11 - =====================================verifyLogo TEST START=========================================
2022-05-18 11:36:26 INFO  Log:15 - =====================================verifyLogo TEST END=========================================
2022-05-18 11:36:45 INFO  Log:11 - =====================================verifyTitle TEST START=========================================
2022-05-18 11:36:45 INFO  Log:15 - =====================================verifyTitle TEST END=========================================
2022-05-26 20:52:44 INFO  Log:11 - =====================================loginTest TEST START=========================================
2022-05-26 20:52:44 INFO  Log:22 - User is going to click on SignIn
2022-05-26 20:52:56 INFO  Log:22 - User will enter username and password 
2022-05-26 20:53:09 INFO  Log:22 - Verifying if user able to login
2022-05-26 20:53:09 INFO  Log:22 - Login is success
2022-05-26 20:53:09 INFO  Log:15 - =====================================loginTest TEST END=========================================
2022-05-26 20:53:21 INFO  Log:11 - =====================================addToCartTest TEST START=========================================
2022-05-26 20:54:05 INFO  Log:15 - =====================================addToCartTest TEST END=========================================
2022-05-26 20:54:19 INFO  Log:11 - =====================================verifyCreateAccountPageTest TEST START=========================================
2022-05-26 20:54:30 INFO  Log:15 - =====================================verifyCreateAccountPageTest TEST END=========================================
2022-05-27 19:03:13 INFO  Log:11 - =====================================orderHistoryandDetailsTest TEST START=========================================
2022-05-27 19:03:33 INFO  Log:11 - =====================================wishListTest TEST START=========================================
2022-05-27 19:03:43 INFO  Log:15 - =====================================wishListTest TEST END=========================================
2022-05-27 19:03:53 INFO  Log:11 - =====================================verifyTotalPrice TEST START=========================================
2022-05-27 19:04:47 INFO  Log:15 - =====================================verifyTotalPrice TEST END=========================================
2022-05-27 19:05:01 INFO  Log:11 - =====================================productAvailabilityTest TEST START=========================================
2022-05-27 19:05:10 INFO  Log:15 - =====================================productAvailabilityTest TEST END=========================================
2022-05-27 19:05:20 INFO  Log:11 - =====================================loginTest TEST START=========================================
2022-05-27 19:05:20 INFO  Log:22 - User is going to click on SignIn
2022-05-27 19:05:24 INFO  Log:22 - User will enter username and password 
2022-05-27 19:05:28 INFO  Log:22 - Verifying if user able to login
2022-05-27 19:05:28 INFO  Log:22 - Login is success
2022-05-27 19:05:28 INFO  Log:15 - =====================================loginTest TEST END=========================================
2022-05-27 19:05:38 INFO  Log:11 - =====================================addToCartTest TEST START=========================================
2022-05-27 19:06:18 INFO  Log:15 - =====================================addToCartTest TEST END=========================================
2022-05-27 19:06:29 INFO  Log:11 - =====================================verifyCreateAccountPageTest TEST START=========================================
2022-05-27 19:06:36 INFO  Log:15 - =====================================verifyCreateAccountPageTest TEST END=========================================
2022-05-27 19:06:46 INFO  Log:11 - =====================================verifyLogo TEST START=========================================
2022-05-27 19:06:46 INFO  Log:15 - =====================================verifyLogo TEST END=========================================
2022-05-27 19:06:58 INFO  Log:11 - =====================================verifyTitle TEST START=========================================
2022-05-27 19:07:13 INFO  Log:11 - =====================================endToEndTest TEST START=========================================
2022-05-27 19:08:15 INFO  Log:15 - =====================================endToEndTest TEST END=========================================
2022-05-27 19:08:16 DEBUG cache:45 - Couldn't find template in cache for "v3html/v3-html-index.ftl"("en", UTF-8, parsed); will try to load it.
2022-05-27 19:08:16 DEBUG cache:45 - TemplateLoader.findTemplateSource("v3html/v3-html-index_en.ftl"): Not found
2022-05-27 19:08:16 DEBUG cache:45 - TemplateLoader.findTemplateSource("v3html/v3-html-index.ftl"): Found
2022-05-27 19:08:16 DEBUG cache:45 - Loading template for "v3html/v3-html-index.ftl"("en", UTF-8, parsed) from "jar:file:/C:/Users/Akash/.m2/repository/com/aventstack/extentreports/4.0.9/extentreports-4.0.9.jar!/com/aventstack/extentreports/view/v3html/v3-html-index.ftl"
2022-05-27 19:08:16 DEBUG cache:45 - Couldn't find template in cache for "v3html/v3-html-head.ftl"("en", UTF-8, parsed); will try to load it.
2022-05-27 19:08:16 DEBUG cache:45 - TemplateLoader.findTemplateSource("v3html/v3-html-head_en.ftl"): Not found
2022-05-27 19:08:16 DEBUG cache:45 - TemplateLoader.findTemplateSource("v3html/v3-html-head.ftl"): Found
2022-05-27 19:08:16 DEBUG cache:45 - Loading template for "v3html/v3-html-head.ftl"("en", UTF-8, parsed) from "jar:file:/C:/Users/Akash/.m2/repository/com/aventstack/extentreports/4.0.9/extentreports-4.0.9.jar!/com/aventstack/extentreports/view/v3html/v3-html-head.ftl"
2022-05-27 19:08:16 DEBUG cache:45 - Couldn't find template in cache for "v3html/v3-html-nav.ftl"("en", UTF-8, parsed); will try to load it.
2022-05-27 19:08:16 DEBUG cache:45 - TemplateLoader.findTemplateSource("v3html/v3-html-nav_en.ftl"): Not found
2022-05-27 19:08:16 DEBUG cache:45 - TemplateLoader.findTemplateSource("v3html/v3-html-nav.ftl"): Found
2022-05-27 19:08:16 DEBUG cache:45 - Loading template for "v3html/v3-html-nav.ftl"("en", UTF-8, parsed) from "jar:file:/C:/Users/Akash/.m2/repository/com/aventstack/extentreports/4.0.9/extentreports-4.0.9.jar!/com/aventstack/extentreports/view/v3html/v3-html-nav.ftl"
2022-05-27 19:08:16 DEBUG cache:45 - Couldn't find template in cache for "v3html/test-view/v3-html-test-view.ftl"("en", UTF-8, parsed); will try to load it.
2022-05-27 19:08:16 DEBUG cache:45 - TemplateLoader.findTemplateSource("v3html/test-view/v3-html-test-view_en.ftl"): Not found
2022-05-27 19:08:16 DEBUG cache:45 - TemplateLoader.findTemplateSource("v3html/test-view/v3-html-test-view.ftl"): Found
2022-05-27 19:08:16 DEBUG cache:45 - Loading template for "v3html/test-view/v3-html-test-view.ftl"("en", UTF-8, parsed) from "jar:file:/C:/Users/Akash/.m2/repository/com/aventstack/extentreports/4.0.9/extentreports-4.0.9.jar!/com/aventstack/extentreports/view/v3html/test-view/v3-html-test-view.ftl"
2022-05-27 19:08:16 DEBUG cache:45 - Couldn't find template in cache for "v3html/test-view/v3-html-test-view-charts.ftl"("en", UTF-8, parsed); will try to load it.
2022-05-27 19:08:16 DEBUG cache:45 - TemplateLoader.findTemplateSource("v3html/test-view/v3-html-test-view-charts_en.ftl"): Not found
2022-05-27 19:08:16 DEBUG cache:45 - TemplateLoader.findTemplateSource("v3html/test-view/v3-html-test-view-charts.ftl"): Found
2022-05-27 19:08:16 DEBUG cache:45 - Loading template for "v3html/test-view/v3-html-test-view-charts.ftl"("en", UTF-8, parsed) from "jar:file:/C:/Users/Akash/.m2/repository/com/aventstack/extentreports/4.0.9/extentreports-4.0.9.jar!/com/aventstack/extentreports/view/v3html/test-view/v3-html-test-view-charts.ftl"
2022-05-27 19:08:16 DEBUG cache:45 - Couldn't find template in cache for "v3html/test-view/v3-html-standard.ftl"("en", UTF-8, parsed); will try to load it.
2022-05-27 19:08:16 DEBUG cache:45 - TemplateLoader.findTemplateSource("v3html/test-view/v3-html-standard_en.ftl"): Not found
2022-05-27 19:08:16 DEBUG cache:45 - TemplateLoader.findTemplateSource("v3html/test-view/v3-html-standard.ftl"): Found
2022-05-27 19:08:16 DEBUG cache:45 - Loading template for "v3html/test-view/v3-html-standard.ftl"("en", UTF-8, parsed) from "jar:file:/C:/Users/Akash/.m2/repository/com/aventstack/extentreports/4.0.9/extentreports-4.0.9.jar!/com/aventstack/extentreports/view/v3html/test-view/v3-html-standard.ftl"
2022-05-27 19:08:16 DEBUG cache:45 - "v3html/test-view/v3-html-standard.ftl"("en", UTF-8, parsed) cached copy not yet stale; using cached.
2022-05-27 19:08:16 DEBUG cache:45 - "v3html/test-view/v3-html-standard.ftl"("en", UTF-8, parsed) cached copy not yet stale; using cached.
2022-05-27 19:08:16 DEBUG cache:45 - "v3html/test-view/v3-html-standard.ftl"("en", UTF-8, parsed) cached copy not yet stale; using cached.
2022-05-27 19:08:16 DEBUG cache:45 - "v3html/test-view/v3-html-standard.ftl"("en", UTF-8, parsed) cached copy not yet stale; using cached.
2022-05-27 19:08:16 DEBUG cache:45 - "v3html/test-view/v3-html-standard.ftl"("en", UTF-8, parsed) cached copy not yet stale; using cached.
2022-05-27 19:08:16 DEBUG cache:45 - "v3html/test-view/v3-html-standard.ftl"("en", UTF-8, parsed) cached copy not yet stale; using cached.
2022-05-27 19:08:16 DEBUG cache:45 - "v3html/test-view/v3-html-standard.ftl"("en", UTF-8, parsed) cached copy not yet stale; using cached.
2022-05-27 19:08:16 DEBUG cache:45 - "v3html/test-view/v3-html-standard.ftl"("en", UTF-8, parsed) cached copy not yet stale; using cached.
2022-05-27 19:08:16 DEBUG cache:45 - "v3html/test-view/v3-html-standard.ftl"("en", UTF-8, parsed) cached copy not yet stale; using cached.
2022-05-27 19:08:16 DEBUG cache:45 - Couldn't find template in cache for "v3html/category-view/v3-html-category-view.ftl"("en", UTF-8, parsed); will try to load it.
2022-05-27 19:08:16 DEBUG cache:45 - TemplateLoader.findTemplateSource("v3html/category-view/v3-html-category-view_en.ftl"): Not found
2022-05-27 19:08:16 DEBUG cache:45 - TemplateLoader.findTemplateSource("v3html/category-view/v3-html-category-view.ftl"): Found
2022-05-27 19:08:16 DEBUG cache:45 - Loading template for "v3html/category-view/v3-html-category-view.ftl"("en", UTF-8, parsed) from "jar:file:/C:/Users/Akash/.m2/repository/com/aventstack/extentreports/4.0.9/extentreports-4.0.9.jar!/com/aventstack/extentreports/view/v3html/category-view/v3-html-category-view.ftl"
2022-05-27 19:08:16 DEBUG cache:45 - Couldn't find template in cache for "v3html/exception-view/v3-html-exception-view.ftl"("en", UTF-8, parsed); will try to load it.
2022-05-27 19:08:16 DEBUG cache:45 - TemplateLoader.findTemplateSource("v3html/exception-view/v3-html-exception-view_en.ftl"): Not found
2022-05-27 19:08:16 DEBUG cache:45 - TemplateLoader.findTemplateSource("v3html/exception-view/v3-html-exception-view.ftl"): Found
2022-05-27 19:08:16 DEBUG cache:45 - Loading template for "v3html/exception-view/v3-html-exception-view.ftl"("en", UTF-8, parsed) from "jar:file:/C:/Users/Akash/.m2/repository/com/aventstack/extentreports/4.0.9/extentreports-4.0.9.jar!/com/aventstack/extentreports/view/v3html/exception-view/v3-html-exception-view.ftl"
2022-05-27 19:08:16 DEBUG cache:45 - Couldn't find template in cache for "v3html/author-view/v3-html-author-view.ftl"("en", UTF-8, parsed); will try to load it.
2022-05-27 19:08:16 DEBUG cache:45 - TemplateLoader.findTemplateSource("v3html/author-view/v3-html-author-view_en.ftl"): Not found
2022-05-27 19:08:16 DEBUG cache:45 - TemplateLoader.findTemplateSource("v3html/author-view/v3-html-author-view.ftl"): Found
2022-05-27 19:08:16 DEBUG cache:45 - Loading template for "v3html/author-view/v3-html-author-view.ftl"("en", UTF-8, parsed) from "jar:file:/C:/Users/Akash/.m2/repository/com/aventstack/extentreports/4.0.9/extentreports-4.0.9.jar!/com/aventstack/extentreports/view/v3html/author-view/v3-html-author-view.ftl"
2022-05-27 19:08:16 DEBUG cache:45 - Couldn't find template in cache for "v3html/dashboard-view/v3-html-dashboard-view.ftl"("en", UTF-8, parsed); will try to load it.
2022-05-27 19:08:16 DEBUG cache:45 - TemplateLoader.findTemplateSource("v3html/dashboard-view/v3-html-dashboard-view_en.ftl"): Not found
2022-05-27 19:08:16 DEBUG cache:45 - TemplateLoader.findTemplateSource("v3html/dashboard-view/v3-html-dashboard-view.ftl"): Found
2022-05-27 19:08:16 DEBUG cache:45 - Loading template for "v3html/dashboard-view/v3-html-dashboard-view.ftl"("en", UTF-8, parsed) from "jar:file:/C:/Users/Akash/.m2/repository/com/aventstack/extentreports/4.0.9/extentreports-4.0.9.jar!/com/aventstack/extentreports/view/v3html/dashboard-view/v3-html-dashboard-view.ftl"
2022-05-27 19:08:16 DEBUG cache:45 - Couldn't find template in cache for "v3html/logs-view/v3-html-testrunner-logs-view.ftl"("en", UTF-8, parsed); will try to load it.
2022-05-27 19:08:16 DEBUG cache:45 - TemplateLoader.findTemplateSource("v3html/logs-view/v3-html-testrunner-logs-view_en.ftl"): Not found
2022-05-27 19:08:16 DEBUG cache:45 - TemplateLoader.findTemplateSource("v3html/logs-view/v3-html-testrunner-logs-view.ftl"): Found
2022-05-27 19:08:16 DEBUG cache:45 - Loading template for "v3html/logs-view/v3-html-testrunner-logs-view.ftl"("en", UTF-8, parsed) from "jar:file:/C:/Users/Akash/.m2/repository/com/aventstack/extentreports/4.0.9/extentreports-4.0.9.jar!/com/aventstack/extentreports/view/v3html/logs-view/v3-html-testrunner-logs-view.ftl"
2022-05-27 19:15:46 INFO  Log:11 - =====================================orderHistoryandDetailsTest TEST START=========================================
2022-05-27 19:15:55 INFO  Log:15 - =====================================orderHistoryandDetailsTest TEST END=========================================
2022-05-27 19:16:05 INFO  Log:11 - =====================================wishListTest TEST START=========================================
2022-05-27 19:16:15 INFO  Log:15 - =====================================wishListTest TEST END=========================================
2022-05-27 19:16:27 INFO  Log:11 - =====================================verifyTotalPrice TEST START=========================================
2022-05-27 19:17:13 INFO  Log:15 - =====================================verifyTotalPrice TEST END=========================================
2022-05-27 19:17:23 INFO  Log:11 - =====================================productAvailabilityTest TEST START=========================================
2022-05-27 19:17:29 INFO  Log:15 - =====================================productAvailabilityTest TEST END=========================================
2022-05-27 19:17:45 INFO  Log:11 - =====================================loginTest TEST START=========================================
2022-05-27 19:17:45 INFO  Log:22 - User is going to click on SignIn
2022-05-27 19:17:49 INFO  Log:22 - User will enter username and password 
2022-05-27 19:17:53 INFO  Log:22 - Verifying if user able to login
2022-05-27 19:17:53 INFO  Log:22 - Login is success
2022-05-27 19:17:53 INFO  Log:15 - =====================================loginTest TEST END=========================================
2022-05-27 19:18:04 INFO  Log:11 - =====================================addToCartTest TEST START=========================================
2022-05-27 19:18:46 INFO  Log:15 - =====================================addToCartTest TEST END=========================================
2022-05-27 19:18:56 INFO  Log:11 - =====================================verifyCreateAccountPageTest TEST START=========================================
2022-05-27 19:19:03 INFO  Log:15 - =====================================verifyCreateAccountPageTest TEST END=========================================
2022-05-27 19:19:13 INFO  Log:11 - =====================================verifyLogo TEST START=========================================
2022-05-27 19:19:13 INFO  Log:15 - =====================================verifyLogo TEST END=========================================
2022-05-27 19:19:24 INFO  Log:11 - =====================================verifyTitle TEST START=========================================
2022-05-27 19:19:24 INFO  Log:15 - =====================================verifyTitle TEST END=========================================
2022-05-27 19:19:33 INFO  Log:11 - =====================================endToEndTest TEST START=========================================
2022-05-27 19:20:46 INFO  Log:15 - =====================================endToEndTest TEST END=========================================
2022-05-27 19:20:47 DEBUG cache:45 - Couldn't find template in cache for "v3html/v3-html-index.ftl"("en", UTF-8, parsed); will try to load it.
2022-05-27 19:20:47 DEBUG cache:45 - TemplateLoader.findTemplateSource("v3html/v3-html-index_en.ftl"): Not found
2022-05-27 19:20:47 DEBUG cache:45 - TemplateLoader.findTemplateSource("v3html/v3-html-index.ftl"): Found
2022-05-27 19:20:47 DEBUG cache:45 - Loading template for "v3html/v3-html-index.ftl"("en", UTF-8, parsed) from "jar:file:/C:/Users/Akash/.m2/repository/com/aventstack/extentreports/4.0.9/extentreports-4.0.9.jar!/com/aventstack/extentreports/view/v3html/v3-html-index.ftl"
2022-05-27 19:20:47 DEBUG cache:45 - Couldn't find template in cache for "v3html/v3-html-head.ftl"("en", UTF-8, parsed); will try to load it.
2022-05-27 19:20:47 DEBUG cache:45 - TemplateLoader.findTemplateSource("v3html/v3-html-head_en.ftl"): Not found
2022-05-27 19:20:47 DEBUG cache:45 - TemplateLoader.findTemplateSource("v3html/v3-html-head.ftl"): Found
2022-05-27 19:20:47 DEBUG cache:45 - Loading template for "v3html/v3-html-head.ftl"("en", UTF-8, parsed) from "jar:file:/C:/Users/Akash/.m2/repository/com/aventstack/extentreports/4.0.9/extentreports-4.0.9.jar!/com/aventstack/extentreports/view/v3html/v3-html-head.ftl"
2022-05-27 19:20:47 DEBUG cache:45 - Couldn't find template in cache for "v3html/v3-html-nav.ftl"("en", UTF-8, parsed); will try to load it.
2022-05-27 19:20:47 DEBUG cache:45 - TemplateLoader.findTemplateSource("v3html/v3-html-nav_en.ftl"): Not found
2022-05-27 19:20:47 DEBUG cache:45 - TemplateLoader.findTemplateSource("v3html/v3-html-nav.ftl"): Found
2022-05-27 19:20:47 DEBUG cache:45 - Loading template for "v3html/v3-html-nav.ftl"("en", UTF-8, parsed) from "jar:file:/C:/Users/Akash/.m2/repository/com/aventstack/extentreports/4.0.9/extentreports-4.0.9.jar!/com/aventstack/extentreports/view/v3html/v3-html-nav.ftl"
2022-05-27 19:20:47 DEBUG cache:45 - Couldn't find template in cache for "v3html/test-view/v3-html-test-view.ftl"("en", UTF-8, parsed); will try to load it.
2022-05-27 19:20:47 DEBUG cache:45 - TemplateLoader.findTemplateSource("v3html/test-view/v3-html-test-view_en.ftl"): Not found
2022-05-27 19:20:47 DEBUG cache:45 - TemplateLoader.findTemplateSource("v3html/test-view/v3-html-test-view.ftl"): Found
2022-05-27 19:20:47 DEBUG cache:45 - Loading template for "v3html/test-view/v3-html-test-view.ftl"("en", UTF-8, parsed) from "jar:file:/C:/Users/Akash/.m2/repository/com/aventstack/extentreports/4.0.9/extentreports-4.0.9.jar!/com/aventstack/extentreports/view/v3html/test-view/v3-html-test-view.ftl"
2022-05-27 19:20:47 DEBUG cache:45 - Couldn't find template in cache for "v3html/test-view/v3-html-test-view-charts.ftl"("en", UTF-8, parsed); will try to load it.
2022-05-27 19:20:47 DEBUG cache:45 - TemplateLoader.findTemplateSource("v3html/test-view/v3-html-test-view-charts_en.ftl"): Not found
2022-05-27 19:20:47 DEBUG cache:45 - TemplateLoader.findTemplateSource("v3html/test-view/v3-html-test-view-charts.ftl"): Found
2022-05-27 19:20:47 DEBUG cache:45 - Loading template for "v3html/test-view/v3-html-test-view-charts.ftl"("en", UTF-8, parsed) from "jar:file:/C:/Users/Akash/.m2/repository/com/aventstack/extentreports/4.0.9/extentreports-4.0.9.jar!/com/aventstack/extentreports/view/v3html/test-view/v3-html-test-view-charts.ftl"
2022-05-27 19:20:47 DEBUG cache:45 - Couldn't find template in cache for "v3html/test-view/v3-html-standard.ftl"("en", UTF-8, parsed); will try to load it.
2022-05-27 19:20:47 DEBUG cache:45 - TemplateLoader.findTemplateSource("v3html/test-view/v3-html-standard_en.ftl"): Not found
2022-05-27 19:20:47 DEBUG cache:45 - TemplateLoader.findTemplateSource("v3html/test-view/v3-html-standard.ftl"): Found
2022-05-27 19:20:47 DEBUG cache:45 - Loading template for "v3html/test-view/v3-html-standard.ftl"("en", UTF-8, parsed) from "jar:file:/C:/Users/Akash/.m2/repository/com/aventstack/extentreports/4.0.9/extentreports-4.0.9.jar!/com/aventstack/extentreports/view/v3html/test-view/v3-html-standard.ftl"
2022-05-27 19:20:47 DEBUG cache:45 - "v3html/test-view/v3-html-standard.ftl"("en", UTF-8, parsed) cached copy not yet stale; using cached.
2022-05-27 19:20:47 DEBUG cache:45 - "v3html/test-view/v3-html-standard.ftl"("en", UTF-8, parsed) cached copy not yet stale; using cached.
2022-05-27 19:20:47 DEBUG cache:45 - "v3html/test-view/v3-html-standard.ftl"("en", UTF-8, parsed) cached copy not yet stale; using cached.
2022-05-27 19:20:47 DEBUG cache:45 - "v3html/test-view/v3-html-standard.ftl"("en", UTF-8, parsed) cached copy not yet stale; using cached.
2022-05-27 19:20:47 DEBUG cache:45 - "v3html/test-view/v3-html-standard.ftl"("en", UTF-8, parsed) cached copy not yet stale; using cached.
2022-05-27 19:20:47 DEBUG cache:45 - "v3html/test-view/v3-html-standard.ftl"("en", UTF-8, parsed) cached copy not yet stale; using cached.
2022-05-27 19:20:47 DEBUG cache:45 - "v3html/test-view/v3-html-standard.ftl"("en", UTF-8, parsed) cached copy not yet stale; using cached.
2022-05-27 19:20:47 DEBUG cache:45 - "v3html/test-view/v3-html-standard.ftl"("en", UTF-8, parsed) cached copy not yet stale; using cached.
2022-05-27 19:20:47 DEBUG cache:45 - "v3html/test-view/v3-html-standard.ftl"("en", UTF-8, parsed) cached copy not yet stale; using cached.
2022-05-27 19:20:47 DEBUG cache:45 - Couldn't find template in cache for "v3html/category-view/v3-html-category-view.ftl"("en", UTF-8, parsed); will try to load it.
2022-05-27 19:20:47 DEBUG cache:45 - TemplateLoader.findTemplateSource("v3html/category-view/v3-html-category-view_en.ftl"): Not found
2022-05-27 19:20:47 DEBUG cache:45 - TemplateLoader.findTemplateSource("v3html/category-view/v3-html-category-view.ftl"): Found
2022-05-27 19:20:47 DEBUG cache:45 - Loading template for "v3html/category-view/v3-html-category-view.ftl"("en", UTF-8, parsed) from "jar:file:/C:/Users/Akash/.m2/repository/com/aventstack/extentreports/4.0.9/extentreports-4.0.9.jar!/com/aventstack/extentreports/view/v3html/category-view/v3-html-category-view.ftl"
2022-05-27 19:20:47 DEBUG cache:45 - Couldn't find template in cache for "v3html/exception-view/v3-html-exception-view.ftl"("en", UTF-8, parsed); will try to load it.
2022-05-27 19:20:47 DEBUG cache:45 - TemplateLoader.findTemplateSource("v3html/exception-view/v3-html-exception-view_en.ftl"): Not found
2022-05-27 19:20:47 DEBUG cache:45 - TemplateLoader.findTemplateSource("v3html/exception-view/v3-html-exception-view.ftl"): Found
2022-05-27 19:20:47 DEBUG cache:45 - Loading template for "v3html/exception-view/v3-html-exception-view.ftl"("en", UTF-8, parsed) from "jar:file:/C:/Users/Akash/.m2/repository/com/aventstack/extentreports/4.0.9/extentreports-4.0.9.jar!/com/aventstack/extentreports/view/v3html/exception-view/v3-html-exception-view.ftl"
2022-05-27 19:20:47 DEBUG cache:45 - Couldn't find template in cache for "v3html/author-view/v3-html-author-view.ftl"("en", UTF-8, parsed); will try to load it.
2022-05-27 19:20:47 DEBUG cache:45 - TemplateLoader.findTemplateSource("v3html/author-view/v3-html-author-view_en.ftl"): Not found
2022-05-27 19:20:47 DEBUG cache:45 - TemplateLoader.findTemplateSource("v3html/author-view/v3-html-author-view.ftl"): Found
2022-05-27 19:20:47 DEBUG cache:45 - Loading template for "v3html/author-view/v3-html-author-view.ftl"("en", UTF-8, parsed) from "jar:file:/C:/Users/Akash/.m2/repository/com/aventstack/extentreports/4.0.9/extentreports-4.0.9.jar!/com/aventstack/extentreports/view/v3html/author-view/v3-html-author-view.ftl"
2022-05-27 19:20:47 DEBUG cache:45 - Couldn't find template in cache for "v3html/dashboard-view/v3-html-dashboard-view.ftl"("en", UTF-8, parsed); will try to load it.
2022-05-27 19:20:47 DEBUG cache:45 - TemplateLoader.findTemplateSource("v3html/dashboard-view/v3-html-dashboard-view_en.ftl"): Not found
2022-05-27 19:20:47 DEBUG cache:45 - TemplateLoader.findTemplateSource("v3html/dashboard-view/v3-html-dashboard-view.ftl"): Found
2022-05-27 19:20:47 DEBUG cache:45 - Loading template for "v3html/dashboard-view/v3-html-dashboard-view.ftl"("en", UTF-8, parsed) from "jar:file:/C:/Users/Akash/.m2/repository/com/aventstack/extentreports/4.0.9/extentreports-4.0.9.jar!/com/aventstack/extentreports/view/v3html/dashboard-view/v3-html-dashboard-view.ftl"
2022-05-27 19:20:47 DEBUG cache:45 - Couldn't find template in cache for "v3html/logs-view/v3-html-testrunner-logs-view.ftl"("en", UTF-8, parsed); will try to load it.
2022-05-27 19:20:47 DEBUG cache:45 - TemplateLoader.findTemplateSource("v3html/logs-view/v3-html-testrunner-logs-view_en.ftl"): Not found
2022-05-27 19:20:47 DEBUG cache:45 - TemplateLoader.findTemplateSource("v3html/logs-view/v3-html-testrunner-logs-view.ftl"): Found
2022-05-27 19:20:47 DEBUG cache:45 - Loading template for "v3html/logs-view/v3-html-testrunner-logs-view.ftl"("en", UTF-8, parsed) from "jar:file:/C:/Users/Akash/.m2/repository/com/aventstack/extentreports/4.0.9/extentreports-4.0.9.jar!/com/aventstack/extentreports/view/v3html/logs-view/v3-html-testrunner-logs-view.ftl"
